Running:
main.py --config config-ros.json

Using device: cpu
Loading and preprocessing data ...
Loading 2 datasets files using 2 parallel processes ...
35 samples may be used for training
9 samples will be used for validation
Model:
TSTransformerEncoder(
  (project_inp): Linear(in_features=6, out_features=128, bias=True)
  (pos_enc): LearnablePositionalEncoding(
    (dropout): Dropout(p=0.0, inplace=False)
  )
  (transformer_encoder): TransformerEncoder(
    (layers): ModuleList(
      (0-2): 3 x TransformerBatchNormEncoderLayer(
        (self_attn): MultiheadAttention(
          (out_proj): NonDynamicallyQuantizableLinear(in_features=128, out_features=128, bias=True)
        )
        (linear1): Linear(in_features=128, out_features=512, bias=True)
        (dropout): Dropout(p=0.0, inplace=False)
        (linear2): Linear(in_features=512, out_features=128, bias=True)
        (norm1): BatchNorm1d(128, eps=1e-05, momentum=0.1, affine=True, track_running_stats=True)
        (norm2): BatchNorm1d(128, eps=1e-05, momentum=0.1, affine=True, track_running_stats=True)
        (dropout1): Dropout(p=0.0, inplace=False)
        (dropout2): Dropout(p=0.0, inplace=False)
      )
    )
  )
  (dropout1): Dropout(p=0.0, inplace=False)
  (output_layer): Linear(in_features=128, out_features=6, bias=True)
)
Total number of parameters: 602886
Trainable parameters: 602886
Starting training...
Evaluating on validation set ...
Validation runtime: 0.0 hours, 0.0 minutes, 0.015166759490966797 seconds

Avg val. time: 0.0 hours, 0.0 minutes, 0.015166759490966797 seconds
Avg batch val. time: 0.015166759490966797 seconds
Avg sample val. time: 0.0016851954989963109 seconds
Epoch 0 Validation Summary: epoch: 0.000000 | loss: 198.266230 | 
Epoch 1 Training Summary: epoch: 1.000000 | loss: 22.142536 | 
Epoch runtime: 0.0 hours, 0.0 minutes, 0.12858796119689941 seconds

Avg epoch train. time: 0.0 hours, 0.0 minutes, 0.12858796119689941 seconds
Avg batch train. time: 0.12858796119689941 seconds
Evaluating on validation set ...
Validation runtime: 0.0 hours, 0.0 minutes, 0.011956930160522461 seconds

Avg val. time: 0.0 hours, 0.0 minutes, 0.013561844825744629 seconds
Avg batch val. time: 0.013561844825744629 seconds
Avg sample val. time: 0.0015068716473049587 seconds
Epoch 1 Validation Summary: epoch: 1.000000 | loss: 13.764282 | 
Learning rate updated to: 0.0005011190688592435
Epoch 2 Training Summary: epoch: 2.000000 | loss: 21.689054 | 
Epoch runtime: 0.0 hours, 0.0 minutes, 0.11764693260192871 seconds

Avg epoch train. time: 0.0 hours, 0.0 minutes, 0.12311744689941406 seconds
Avg batch train. time: 0.12311744689941406 seconds
Evaluating on validation set ...
Validation runtime: 0.0 hours, 0.0 minutes, 0.01187753677368164 seconds

Avg val. time: 0.0 hours, 0.0 minutes, 0.013000408808390299 seconds
Avg batch val. time: 0.013000408808390299 seconds
Avg sample val. time: 0.0014444898675989221 seconds
Epoch 2 Validation Summary: epoch: 2.000000 | loss: 7.490641 | 
Learning rate updated to: 0.0005011190688592435
Epoch 3 Training Summary: epoch: 3.000000 | loss: 21.378128 | 
Epoch runtime: 0.0 hours, 0.0 minutes, 0.11413335800170898 seconds

Avg epoch train. time: 0.0 hours, 0.0 minutes, 0.12012275060017903 seconds
Avg batch train. time: 0.12012275060017903 seconds
Evaluating on validation set ...
Validation runtime: 0.0 hours, 0.0 minutes, 0.011374235153198242 seconds

Avg val. time: 0.0 hours, 0.0 minutes, 0.012593865394592285 seconds
Avg batch val. time: 0.012593865394592285 seconds
Avg sample val. time: 0.0013993183771769206 seconds
Epoch 3 Validation Summary: epoch: 3.000000 | loss: 5.008168 | 
Learning rate updated to: 0.0005011190688592435
Epoch 4 Training Summary: epoch: 4.000000 | loss: 20.995887 | 
Epoch runtime: 0.0 hours, 0.0 minutes, 0.10335278511047363 seconds

Avg epoch train. time: 0.0 hours, 0.0 minutes, 0.11593025922775269 seconds
Avg batch train. time: 0.11593025922775269 seconds
Evaluating on validation set ...
Validation runtime: 0.0 hours, 0.0 minutes, 0.010418891906738281 seconds

Avg val. time: 0.0 hours, 0.0 minutes, 0.012158870697021484 seconds
Avg batch val. time: 0.012158870697021484 seconds
Avg sample val. time: 0.0013509856330023871 seconds
Epoch 4 Validation Summary: epoch: 4.000000 | loss: 3.056481 | 
Learning rate updated to: 0.0005011190688592435
Epoch 5 Training Summary: epoch: 5.000000 | loss: 20.760092 | 
Epoch runtime: 0.0 hours, 0.0 minutes, 0.10110044479370117 seconds

Avg epoch train. time: 0.0 hours, 0.0 minutes, 0.11296429634094238 seconds
Avg batch train. time: 0.11296429634094238 seconds
Evaluating on validation set ...
Validation runtime: 0.0 hours, 0.0 minutes, 0.009790182113647461 seconds

Avg val. time: 0.0 hours, 0.0 minutes, 0.011764089266459147 seconds
Avg batch val. time: 0.011764089266459147 seconds
Avg sample val. time: 0.0013071210296065718 seconds
Epoch 5 Validation Summary: epoch: 5.000000 | loss: 2.271399 | 
Learning rate updated to: 0.0005011190688592435
Epoch 6 Training Summary: epoch: 6.000000 | loss: 20.576317 | 
Epoch runtime: 0.0 hours, 0.0 minutes, 0.0956871509552002 seconds

Avg epoch train. time: 0.0 hours, 0.0 minutes, 0.11008477210998535 seconds
Avg batch train. time: 0.11008477210998535 seconds
Evaluating on validation set ...
Validation runtime: 0.0 hours, 0.0 minutes, 0.011929035186767578 seconds

Avg val. time: 0.0 hours, 0.0 minutes, 0.011787652969360352 seconds
Avg batch val. time: 0.011787652969360352 seconds
Avg sample val. time: 0.0013097392188178168 seconds
Epoch 6 Validation Summary: epoch: 6.000000 | loss: 1.995282 | 
Learning rate updated to: 0.0005011190688592435
Epoch 7 Training Summary: epoch: 7.000000 | loss: 20.228262 | 
Epoch runtime: 0.0 hours, 0.0 minutes, 0.11977982521057129 seconds

Avg epoch train. time: 0.0 hours, 0.0 minutes, 0.11146977969578334 seconds
Avg batch train. time: 0.11146977969578334 seconds
Evaluating on validation set ...
Validation runtime: 0.0 hours, 0.0 minutes, 0.01183462142944336 seconds

Avg val. time: 0.0 hours, 0.0 minutes, 0.011793524026870728 seconds
Avg batch val. time: 0.011793524026870728 seconds
Avg sample val. time: 0.001310391558541192 seconds
Epoch 7 Validation Summary: epoch: 7.000000 | loss: 1.808197 | 
Learning rate updated to: 0.0005011190688592435
Epoch 8 Training Summary: epoch: 8.000000 | loss: 19.919430 | 
Epoch runtime: 0.0 hours, 0.0 minutes, 0.10203862190246582 seconds

Avg epoch train. time: 0.0 hours, 0.0 minutes, 0.11029088497161865 seconds
Avg batch train. time: 0.11029088497161865 seconds
Evaluating on validation set ...
Validation runtime: 0.0 hours, 0.0 minutes, 0.013012886047363281 seconds

Avg val. time: 0.0 hours, 0.0 minutes, 0.011929008695814345 seconds
Avg batch val. time: 0.011929008695814345 seconds
Avg sample val. time: 0.0013254454106460384 seconds
Epoch 8 Validation Summary: epoch: 8.000000 | loss: 1.729014 | 
Learning rate updated to: 0.0005011190688592435
Epoch 9 Training Summary: epoch: 9.000000 | loss: 19.779390 | 
Epoch runtime: 0.0 hours, 0.0 minutes, 0.09669017791748047 seconds

Avg epoch train. time: 0.0 hours, 0.0 minutes, 0.10877969529893664 seconds
Avg batch train. time: 0.10877969529893664 seconds
Evaluating on validation set ...
Validation runtime: 0.0 hours, 0.0 minutes, 0.010921716690063477 seconds

Avg val. time: 0.0 hours, 0.0 minutes, 0.011828279495239258 seconds
Avg batch val. time: 0.011828279495239258 seconds
Avg sample val. time: 0.0013142532772488064 seconds
Epoch 9 Validation Summary: epoch: 9.000000 | loss: 1.893761 | 
Learning rate updated to: 0.0005011190688592435
Epoch 10 Training Summary: epoch: 10.000000 | loss: 19.595164 | 
Epoch runtime: 0.0 hours, 0.0 minutes, 0.2235705852508545 seconds

Avg epoch train. time: 0.0 hours, 0.0 minutes, 0.12025878429412842 seconds
Avg batch train. time: 0.12025878429412842 seconds
Evaluating on validation set ...
Validation runtime: 0.0 hours, 0.0 minutes, 0.014572858810424805 seconds

Avg val. time: 0.0 hours, 0.0 minutes, 0.01207778670571067 seconds
Avg batch val. time: 0.01207778670571067 seconds
Avg sample val. time: 0.001341976300634519 seconds
Epoch 10 Validation Summary: epoch: 10.000000 | loss: 2.268482 | 
Learning rate updated to: 0.0005011190688592435
Best loss was 1.7290142604282923. Other metrics: OrderedDict([('epoch', 8), ('loss', 1.7290142604282923)])
All Done!
Total runtime: 0.0 hours, 0.0 minutes, 3.511136531829834 seconds

